INFO - [explorenz] Start of the download - 2024-06-07 10:14:09,933
INFO - [explorenz] Start of parsing - 2024-06-07 10:14:13,106
INFO - [explorenz] Start of populating - 2024-06-07 10:14:20,110
INFO - [explorenz] End of populating - 2024-06-07 10:14:20,275
INFO - [explorenz] Start of the download - 2024-16-06/07/24 10:16:51
INFO - [explorenz] Start of parsing - 2024-16-06/07/24 10:16:57
INFO - [explorenz] Start of populating - 2024-17-06/07/24 10:17:04
INFO - [explorenz] End of populating - 2024-17-06/07/24 10:17:04
INFO - [explorenz] Start of the download - 2024-06-07 10:17:56
INFO - [explorenz] Start of parsing - 2024-06-07 10:18:01
INFO - [explorenz] Start of populating - 2024-06-07 10:18:08
INFO - [explorenz] End of populating - 2024-06-07 10:18:08
INFO - [explorenz] Start of the download - 2024-06-07 10:51:47
INFO - [explorenz] Start of parsing - 2024-06-07 10:51:51
INFO - [explorenz] Start of populating - 2024-06-07 10:51:58
INFO - Start updating - 2024-06-07 10:51:58
INFO - Start loading data - 2024-06-07 10:51:58
INFO - Start populating table - 2024-06-07 10:51:58
INFO - Finished populating table - 2024-06-07 10:51:58
INFO - [explorenz] End of populating - 2024-06-07 10:51:58
INFO - [explorenz] Start of the download - 2024-06-07 10:52:50
INFO - [explorenz] Start of parsing - 2024-06-07 10:52:53
INFO - [explorenz] Start of populating - 2024-06-07 10:53:00
